<?xml version="1.0" encoding="UTF-8"?>
<!-- Generated by org.testng.reporters.JUnitReportReporter -->
<testsuite hostname="DESKTOP-88U9UVN" failures="0" tests="1" name="maventest.loginjbktest" time="13.628" errors="0" timestamp="2022-05-07T08:05:01 IST" skipped="0">
  <testcase classname="maventest.loginjbktest" name="VerifyTitle" time="13.628"/>
  <system-out/>
</testsuite> <!-- maventest.loginjbktest -->
