<?xml version="1.0" encoding="UTF-8"?>
<!-- Generated by org.testng.reporters.JUnitReportReporter -->
<testsuite hostname="DESKTOP-88U9UVN" failures="0" tests="1" name="Testp.Demofirst" time="0.018" errors="0" timestamp="2022-05-07T12:04:12 IST" skipped="0">
  <testcase classname="Testp.Demofirst" name="checks" time="0.018"/>
  <system-out/>
</testsuite> <!-- Testp.Demofirst -->
